<?xml version="1.0" encoding="UTF-8"?>
<!-- Generated by org.testng.reporters.JUnitReportReporter -->
<testsuite hostname="karima-hp" failures="0" tests="1" name="code15thfeb.Screenshoot" time="5.423" errors="0" timestamp="27 Jun 2023 10:35:53 GMT" skipped="0">
  <testcase classname="code15thfeb.Screenshoot" name="checkingScreenshot" time="5.423"/>
</testsuite> <!-- code15thfeb.Screenshoot -->
