<?xml version="1.0" encoding="UTF-8"?>
<!-- Generated by org.testng.reporters.JUnitReportReporter -->
<testsuite hostname="karima-hp" failures="0" tests="8" name="code_1stfeb.Enablement" time="0.019" errors="0" timestamp="25 Jun 2023 18:09:03 GMT" skipped="1">
  <testcase classname="code_1stfeb.Enablement" name="logic2" time="0.002"/>
  <testcase classname="code_1stfeb.Enablement" name="logic2" time="0.002"/>
  <testcase classname="code_1stfeb.Enablement" name="logic4" time="0.001"/>
  <testcase classname="code_1stfeb.Enablement" name="logic2" time="0.002"/>
  <testcase classname="code_1stfeb.Enablement" name="logic1" time="0.009"/>
  <testcase classname="code_1stfeb.Enablement" name="logic2" time="0.002"/>
  <testcase classname="code_1stfeb.Enablement" name="logic2" time="0.001"/>
  <testcase classname="code_1stfeb.Enablement" name="logic3">
    <skipped/>
  </testcase> <!-- logic3 -->
</testsuite> <!-- code_1stfeb.Enablement -->
