<?xml version="1.0" encoding="UTF-8"?>
<!-- Generated by org.testng.reporters.JUnitReportReporter -->
<testsuite hostname="karima-hp" failures="0" tests="1" name="code15thfeb.RediffRecording" time="18.394" errors="0" timestamp="28 Jun 2023 02:04:24 GMT" skipped="0">
  <testcase classname="code15thfeb.RediffRecording" name="learningrecording" time="18.394"/>
</testsuite> <!-- code15thfeb.RediffRecording -->
