<?xml version="1.0" encoding="UTF-8"?>
<!-- Generated by org.testng.reporters.JUnitReportReporter -->
<testsuite hostname="karima-hp" failures="0" tests="4" name="code_1stfeb.priority$Priority" time="0.016" errors="0" timestamp="25 Jun 2023 18:07:59 GMT" skipped="0">
  <testcase classname="code_1stfeb.priority$Priority" name="logic3" time="0.009"/>
  <testcase classname="code_1stfeb.priority$Priority" name="logic1" time="0.001"/>
  <testcase classname="code_1stfeb.priority$Priority" name="logic2" time="0.002"/>
  <testcase classname="code_1stfeb.priority$Priority" name="logic4" time="0.004"/>
</testsuite> <!-- code_1stfeb.priority$Priority -->
