<?xml version="1.0" encoding="UTF-8"?>
<!-- Generated by org.testng.reporters.JUnitReportReporter -->
<testsuite hostname="karima-hp" failures="0" tests="1" name="code15thfeb.Screentuto" time="5.792" errors="0" timestamp="27 Jun 2023 23:19:28 GMT" skipped="0">
  <testcase classname="code15thfeb.Screentuto" name="verifyScreenshot" time="5.792"/>
</testsuite> <!-- code15thfeb.Screentuto -->
