<?xml version="1.0" encoding="UTF-8"?>
<!-- Generated by org.testng.reporters.JUnitReportReporter -->
<testsuite hostname="karima-hp" failures="0" tests="1" name="code_7thfeb.FlipKart" time="6.022" errors="0" timestamp="26 Jun 2023 01:22:24 GMT" skipped="0">
  <testcase classname="code_7thfeb.FlipKart" name="flipkartTest" time="6.022"/>
</testsuite> <!-- code_7thfeb.FlipKart -->
