<?xml version="1.0" encoding="UTF-8"?>
<!-- Generated by org.testng.reporters.JUnitReportReporter -->
<testsuite hostname="karima-hp" failures="0" tests="1" name="code15thfeb.Screenshot2" time="6.529" errors="0" timestamp="27 Jun 2023 23:18:00 GMT" skipped="0">
  <testcase classname="code15thfeb.Screenshot2" name="CheckingScreenshot" time="6.529"/>
</testsuite> <!-- code15thfeb.Screenshot2 -->
