<?xml version="1.0" encoding="UTF-8"?>
<!-- Generated by org.testng.reporters.JUnitReportReporter -->
<testsuite hostname="karima-hp" failures="0" tests="1" name="code_7thfeb.Amazon" time="3.254" errors="0" timestamp="26 Jun 2023 01:22:24 GMT" skipped="0">
  <testcase classname="code_7thfeb.Amazon" name="amazonTest" time="3.254"/>
</testsuite> <!-- code_7thfeb.Amazon -->
